<?xml version="1.0" encoding="UTF-8"?>
<testng-results skipped="0" failed="0" ignored="0" total="2" passed="2">
  <reporter-output>
  </reporter-output>
  <suite name="Suite" duration-ms="54883" started-at="2020-02-19T06:26:25Z" finished-at="2020-02-19T06:27:20Z">
    <groups>
    </groups>
    <test name="AGDesktop" duration-ms="54883" started-at="2020-02-19T06:26:25Z" finished-at="2020-02-19T06:27:20Z">
      <class name="test.HomePage_Test">
        <test-method status="PASS" signature="beforeSuite()[pri:0, instance:test.HomePage_Test@5a8e6209]" name="beforeSuite" is-config="true" duration-ms="195" started-at="2020-02-19T11:56:25Z" finished-at="2020-02-19T11:56:25Z">
          <reporter-output>
          </reporter-output>
        </test-method> <!-- beforeSuite -->
        <test-method status="PASS" signature="setup(java.lang.String, java.lang.reflect.Method)[pri:0, instance:test.HomePage_Test@5a8e6209]" name="setup" is-config="true" duration-ms="13797" started-at="2020-02-19T11:56:25Z" finished-at="2020-02-19T11:56:39Z">
          <params>
            <param index="0">
              <value>
                <![CDATA[chrome]]>
              </value>
            </param>
            <param index="1">
              <value>
                <![CDATA[public void test.HomePage_Test.TC_001() throws java.lang.InterruptedException]]>
              </value>
            </param>
          </params>
          <reporter-output>
          </reporter-output>
        </test-method> <!-- setup -->
        <test-method status="PASS" signature="TC_001()[pri:0, instance:test.HomePage_Test@5a8e6209]" name="TC_001" duration-ms="2238" started-at="2020-02-19T11:56:39Z" finished-at="2020-02-19T11:56:41Z">
          <reporter-output>
          </reporter-output>
        </test-method> <!-- TC_001 -->
        <test-method status="PASS" signature="getResult(org.testng.ITestResult)[pri:0, instance:test.HomePage_Test@5a8e6209]" name="getResult" is-config="true" duration-ms="1981" started-at="2020-02-19T11:56:41Z" finished-at="2020-02-19T11:56:43Z">
          <params>
            <param index="0">
              <value>
                <![CDATA[[TestResult name=TC_001 status=SUCCESS method=HomePage_Test.TC_001()[pri:0, instance:test.HomePage_Test@5a8e6209] output={null}]]]>
              </value>
            </param>
          </params>
          <reporter-output>
          </reporter-output>
        </test-method> <!-- getResult -->
        <test-method status="PASS" signature="setup(java.lang.String, java.lang.reflect.Method)[pri:0, instance:test.HomePage_Test@5a8e6209]" name="setup" is-config="true" duration-ms="27862" started-at="2020-02-19T11:56:43Z" finished-at="2020-02-19T11:57:11Z">
          <params>
            <param index="0">
              <value>
                <![CDATA[chrome]]>
              </value>
            </param>
            <param index="1">
              <value>
                <![CDATA[public void test.HomePage_Test.TC_002() throws java.lang.InterruptedException]]>
              </value>
            </param>
          </params>
          <reporter-output>
          </reporter-output>
        </test-method> <!-- setup -->
        <test-method status="PASS" signature="TC_002()[pri:0, instance:test.HomePage_Test@5a8e6209]" name="TC_002" duration-ms="8159" started-at="2020-02-19T11:57:11Z" finished-at="2020-02-19T11:57:19Z">
          <reporter-output>
          </reporter-output>
        </test-method> <!-- TC_002 -->
        <test-method status="PASS" signature="getResult(org.testng.ITestResult)[pri:0, instance:test.HomePage_Test@5a8e6209]" name="getResult" is-config="true" duration-ms="829" started-at="2020-02-19T11:57:19Z" finished-at="2020-02-19T11:57:20Z">
          <params>
            <param index="0">
              <value>
                <![CDATA[[TestResult name=TC_002 status=SUCCESS method=HomePage_Test.TC_002()[pri:0, instance:test.HomePage_Test@5a8e6209] output={null}]]]>
              </value>
            </param>
          </params>
          <reporter-output>
          </reporter-output>
        </test-method> <!-- getResult -->
        <test-method status="PASS" signature="afterSuite()[pri:0, instance:test.HomePage_Test@5a8e6209]" name="afterSuite" is-config="true" duration-ms="415" started-at="2020-02-19T11:57:20Z" finished-at="2020-02-19T11:57:20Z">
          <reporter-output>
          </reporter-output>
        </test-method> <!-- afterSuite -->
      </class> <!-- test.HomePage_Test -->
    </test> <!-- AGDesktop -->
  </suite> <!-- Suite -->
</testng-results>
