<?xml version="1.0" encoding="UTF-8"?>
<testng-results skipped="0" failed="0" ignored="0" total="2" passed="2">
  <reporter-output>
  </reporter-output>
  <suite name="Suite" duration-ms="43413" started-at="2020-02-20T06:47:07Z" finished-at="2020-02-20T06:47:50Z">
    <groups>
    </groups>
    <test name="AGDesktop" duration-ms="43413" started-at="2020-02-20T06:47:07Z" finished-at="2020-02-20T06:47:50Z">
      <class name="test.HomePage_Test">
        <test-method status="PASS" signature="beforeSuite()[pri:0, instance:test.HomePage_Test@57536d79]" name="beforeSuite" is-config="true" duration-ms="301" started-at="2020-02-20T12:17:07Z" finished-at="2020-02-20T12:17:07Z">
          <reporter-output>
          </reporter-output>
        </test-method> <!-- beforeSuite -->
        <test-method status="PASS" signature="setup(java.lang.String, java.lang.reflect.Method)[pri:0, instance:test.HomePage_Test@57536d79]" name="setup" is-config="true" duration-ms="16058" started-at="2020-02-20T12:17:07Z" finished-at="2020-02-20T12:17:23Z">
          <params>
            <param index="0">
              <value>
                <![CDATA[chrome]]>
              </value>
            </param>
            <param index="1">
              <value>
                <![CDATA[public void test.HomePage_Test.TC_001() throws java.lang.InterruptedException]]>
              </value>
            </param>
          </params>
          <reporter-output>
          </reporter-output>
        </test-method> <!-- setup -->
        <test-method status="PASS" signature="TC_001()[pri:0, instance:test.HomePage_Test@57536d79]" name="TC_001" duration-ms="1641" started-at="2020-02-20T12:17:23Z" finished-at="2020-02-20T12:17:25Z">
          <reporter-output>
          </reporter-output>
        </test-method> <!-- TC_001 -->
        <test-method status="PASS" signature="getResult(org.testng.ITestResult)[pri:0, instance:test.HomePage_Test@57536d79]" name="getResult" is-config="true" duration-ms="2021" started-at="2020-02-20T12:17:25Z" finished-at="2020-02-20T12:17:27Z">
          <params>
            <param index="0">
              <value>
                <![CDATA[[TestResult name=TC_001 status=SUCCESS method=HomePage_Test.TC_001()[pri:0, instance:test.HomePage_Test@57536d79] output={null}]]]>
              </value>
            </param>
          </params>
          <reporter-output>
          </reporter-output>
        </test-method> <!-- getResult -->
        <test-method status="PASS" signature="setup(java.lang.String, java.lang.reflect.Method)[pri:0, instance:test.HomePage_Test@57536d79]" name="setup" is-config="true" duration-ms="12720" started-at="2020-02-20T12:17:27Z" finished-at="2020-02-20T12:17:39Z">
          <params>
            <param index="0">
              <value>
                <![CDATA[chrome]]>
              </value>
            </param>
            <param index="1">
              <value>
                <![CDATA[public void test.HomePage_Test.TC_002() throws java.lang.InterruptedException]]>
              </value>
            </param>
          </params>
          <reporter-output>
          </reporter-output>
        </test-method> <!-- setup -->
        <test-method status="PASS" signature="TC_002()[pri:0, instance:test.HomePage_Test@57536d79]" name="TC_002" duration-ms="10057" started-at="2020-02-20T12:17:39Z" finished-at="2020-02-20T12:17:49Z">
          <reporter-output>
          </reporter-output>
        </test-method> <!-- TC_002 -->
        <test-method status="PASS" signature="getResult(org.testng.ITestResult)[pri:0, instance:test.HomePage_Test@57536d79]" name="getResult" is-config="true" duration-ms="883" started-at="2020-02-20T12:17:49Z" finished-at="2020-02-20T12:17:50Z">
          <params>
            <param index="0">
              <value>
                <![CDATA[[TestResult name=TC_002 status=SUCCESS method=HomePage_Test.TC_002()[pri:0, instance:test.HomePage_Test@57536d79] output={null}]]]>
              </value>
            </param>
          </params>
          <reporter-output>
          </reporter-output>
        </test-method> <!-- getResult -->
        <test-method status="PASS" signature="afterSuite()[pri:0, instance:test.HomePage_Test@57536d79]" name="afterSuite" is-config="true" duration-ms="623" started-at="2020-02-20T12:17:50Z" finished-at="2020-02-20T12:17:51Z">
          <reporter-output>
          </reporter-output>
        </test-method> <!-- afterSuite -->
      </class> <!-- test.HomePage_Test -->
    </test> <!-- AGDesktop -->
  </suite> <!-- Suite -->
</testng-results>
