<?xml version="1.0" encoding="UTF-8"?>
<!-- Generated by org.testng.reporters.JUnitXMLReporter -->
<testsuite hostname="DESKTOP-QOTAEMV" ignored="0" name="AGDesktop" tests="1" failures="1" timestamp="19 Feb 2020 06:07:41 GMT" time="0.063" errors="0">
  <testcase name="TC_0001" time="0.024" classname="test.TestGuru99MultipleSession">
    <failure type="java.lang.AssertionError" message="expected [false] but found [true]">
      <![CDATA[java.lang.AssertionError: expected [false] but found [true]
	at test.TestGuru99MultipleSession.TC_0001(TestGuru99MultipleSession.java:13)
... Removed 31 stack frames]]>
    </failure>
  </testcase> <!-- TC_0001 -->
</testsuite> <!-- AGDesktop -->
